  chess.cpp
C:\Users\Brooklyn\Documents\WINTER24\CSE231 Inheritance Design\code\chess.cpp(19,1): error C2628: 'RunTest' followed by 'int' is illegal (did you forget a ';'?)
C:\Users\Brooklyn\Documents\WINTER24\CSE231 Inheritance Design\code\chess.cpp(19,5): error C3874: return type of 'main' should be 'int' instead of 'RunTest'
C:\Users\Brooklyn\Documents\WINTER24\CSE231 Inheritance Design\code\chess.cpp(25,12): error C2440: 'return': cannot convert from 'int' to 'RunTest'
C:\Users\Brooklyn\Documents\WINTER24\CSE231 Inheritance Design\code\chess.cpp(25,12): message : 'RunTest::RunTest': no overloaded function could convert all the argument types
C:\Users\Brooklyn\Documents\WINTER24\CSE231 Inheritance Design\code\testRunner.h(13,1): message : could be 'RunTest::RunTest(RunTest &&)'
C:\Users\Brooklyn\Documents\WINTER24\CSE231 Inheritance Design\code\chess.cpp(25,12): message : 'RunTest::RunTest(RunTest &&)': cannot convert argument 1 from 'int' to 'RunTest &&'
C:\Users\Brooklyn\Documents\WINTER24\CSE231 Inheritance Design\code\chess.cpp(25,12): message : Reason: cannot convert from 'int' to 'RunTest'
C:\Users\Brooklyn\Documents\WINTER24\CSE231 Inheritance Design\code\chess.cpp(25,12): message : Conversion requires a second user-defined-conversion operator or constructor
C:\Users\Brooklyn\Documents\WINTER24\CSE231 Inheritance Design\code\testRunner.h(13,1): message : or       'RunTest::RunTest(const RunTest &)'
C:\Users\Brooklyn\Documents\WINTER24\CSE231 Inheritance Design\code\chess.cpp(25,12): message : 'RunTest::RunTest(const RunTest &)': cannot convert argument 1 from 'int' to 'const RunTest &'
C:\Users\Brooklyn\Documents\WINTER24\CSE231 Inheritance Design\code\chess.cpp(25,12): message : Reason: cannot convert from 'int' to 'const RunTest'
C:\Users\Brooklyn\Documents\WINTER24\CSE231 Inheritance Design\code\chess.cpp(25,12): message : Conversion requires a second user-defined-conversion operator or constructor
C:\Users\Brooklyn\Documents\WINTER24\CSE231 Inheritance Design\code\chess.cpp(25,12): message : while trying to match the argument list '(int)'
  move.cpp
C:\Users\Brooklyn\Documents\WINTER24\CSE231 Inheritance Design\code\move.cpp(11,10): fatal  error C1083: Cannot open include file: 'piece.h': No such file or directory
  testPawn.cpp
C:\Program Files\Microsoft Visual Studio\2022\Community\VC\Tools\MSVC\14.37.32822\include\sal.h(2361,8): error C2059: syntax error: 'string'
C:\Program Files\Microsoft Visual Studio\2022\Community\VC\Tools\MSVC\14.37.32822\include\sal.h(2361,12): error C2143: syntax error: missing ';' before '{'
C:\Program Files\Microsoft Visual Studio\2022\Community\VC\Tools\MSVC\14.37.32822\include\sal.h(2361,12): error C2447: '{': missing function header (old-style formal list?)
  testRunner.cpp
C:\Users\Brooklyn\Documents\WINTER24\CSE231 Inheritance Design\code\testMove.h(14,1): error C2236: unexpected token 'class'. Did you forget a ';'?
C:\Users\Brooklyn\Documents\WINTER24\CSE231 Inheritance Design\code\testMove.h(15,1): error C2059: syntax error: '{'
C:\Users\Brooklyn\Documents\WINTER24\CSE231 Inheritance Design\code\testMove.h(15,1): error C2143: syntax error: missing ';' before '{'
C:\Users\Brooklyn\Documents\WINTER24\CSE231 Inheritance Design\code\testMove.h(15,1): error C2447: '{': missing function header (old-style formal list?)
C:\Users\Brooklyn\Documents\WINTER24\CSE231 Inheritance Design\code\testKing.h(12,1): error C2236: unexpected token 'class'. Did you forget a ';'?
C:\Users\Brooklyn\Documents\WINTER24\CSE231 Inheritance Design\code\testKing.h(13,1): error C2059: syntax error: '{'
C:\Users\Brooklyn\Documents\WINTER24\CSE231 Inheritance Design\code\testKing.h(13,1): error C2143: syntax error: missing ';' before '{'
C:\Users\Brooklyn\Documents\WINTER24\CSE231 Inheritance Design\code\testKing.h(13,1): error C2447: '{': missing function header (old-style formal list?)
C:\Users\Brooklyn\Documents\WINTER24\CSE231 Inheritance Design\code\testRunner.cpp(14,15): error C2084: function 'void RunTest::run(void)' already has a body
C:\Users\Brooklyn\Documents\WINTER24\CSE231 Inheritance Design\code\testRunner.h(12,10): message : see previous definition of 'run'
C:\Users\Brooklyn\Documents\WINTER24\CSE231 Inheritance Design\code\testRunner.cpp(16,2): error C2065: 'MoveTest': undeclared identifier
C:\Users\Brooklyn\Documents\WINTER24\CSE231 Inheritance Design\code\testRunner.cpp(16,11): error C2146: syntax error: missing ';' before identifier 'move'
C:\Users\Brooklyn\Documents\WINTER24\CSE231 Inheritance Design\code\testRunner.cpp(16,11): error C2065: 'move': undeclared identifier
C:\Users\Brooklyn\Documents\WINTER24\CSE231 Inheritance Design\code\testRunner.cpp(17,2): error C2065: 'move': undeclared identifier
C:\Users\Brooklyn\Documents\WINTER24\CSE231 Inheritance Design\code\testRunner.cpp(25,2): error C2065: 'KingTest': undeclared identifier
C:\Users\Brooklyn\Documents\WINTER24\CSE231 Inheritance Design\code\testRunner.cpp(25,11): error C2146: syntax error: missing ';' before identifier 'king'
C:\Users\Brooklyn\Documents\WINTER24\CSE231 Inheritance Design\code\testRunner.cpp(25,11): error C2065: 'king': undeclared identifier
C:\Users\Brooklyn\Documents\WINTER24\CSE231 Inheritance Design\code\testRunner.cpp(26,2): error C2065: 'king': undeclared identifier
  uiDraw.cpp
C:\Users\Brooklyn\Documents\WINTER24\CSE231 Inheritance Design\code\uiDraw.cpp(34,10): fatal  error C1083: Cannot open include file: 'GL/glut.h': No such file or directory
  uiInteract.cpp
C:\Users\Brooklyn\Documents\WINTER24\CSE231 Inheritance Design\code\uiInteract.cpp(34,10): fatal  error C1083: Cannot open include file: 'Gl/glut.h': No such file or directory
  Generating Code...
